<?xml version="1.0" encoding="UTF-8"?>
<testng-results ignored="0" total="2" passed="2" failed="0" skipped="0">
  <reporter-output>
  </reporter-output>
  <suite started-at="2020-12-02T11:15:53 IST" name="Default suite" finished-at="2020-12-02T11:15:53 IST" duration-ms="79">
    <groups>
    </groups>
    <test started-at="2020-12-02T11:15:53 IST" name="Default test" finished-at="2020-12-02T11:15:53 IST" duration-ms="79">
      <class name="SeleniumBootstrap3.Assignment3.dataProvider">
        <test-method signature="test(java.lang.String, java.lang.String)[pri:0, instance:SeleniumBootstrap3.Assignment3.dataProvider@79b06cab]" started-at="2020-12-02T11:15:53 IST" name="test" data-provider="authors" finished-at="2020-12-02T11:15:53 IST" duration-ms="14" status="PASS">
          <params>
            <param index="0">
              <value>
                <![CDATA[J K Rowling]]>
              </value>
            </param>
            <param index="1">
              <value>
                <![CDATA[Harry Potter]]>
              </value>
            </param>
          </params>
          <reporter-output>
          </reporter-output>
        </test-method> <!-- test -->
        <test-method signature="test(java.lang.String, java.lang.String)[pri:0, instance:SeleniumBootstrap3.Assignment3.dataProvider@79b06cab]" started-at="2020-12-02T11:15:53 IST" name="test" data-provider="authors" finished-at="2020-12-02T11:15:53 IST" duration-ms="2" status="PASS">
          <params>
            <param index="0">
              <value>
                <![CDATA[Amish Tripati]]>
              </value>
            </param>
            <param index="1">
              <value>
                <![CDATA[Shiva Trilogy]]>
              </value>
            </param>
          </params>
          <reporter-output>
          </reporter-output>
        </test-method> <!-- test -->
      </class> <!-- SeleniumBootstrap3.Assignment3.dataProvider -->
    </test> <!-- Default test -->
  </suite> <!-- Default suite -->
</testng-results>
