<?xml version="1.0" encoding="UTF-8"?>
<testng-results ignored="0" total="1" passed="1" failed="0" skipped="0">
  <reporter-output>
  </reporter-output>
  <suite started-at="2020-12-03T12:39:10 IST" name="Default suite" finished-at="2020-12-03T12:39:25 IST" duration-ms="14778">
    <groups>
    </groups>
    <test started-at="2020-12-03T12:39:10 IST" name="Default test" finished-at="2020-12-03T12:39:25 IST" duration-ms="14778">
      <class name="SeleniumBootstrap3.Assignment3.screenshot">
        <test-method is-config="true" signature="setup()[pri:0, instance:SeleniumBootstrap3.Assignment3.screenshot@2473d930]" started-at="2020-12-03T12:39:10 IST" name="setup" finished-at="2020-12-03T12:39:24 IST" duration-ms="13183" status="PASS">
          <reporter-output>
          </reporter-output>
        </test-method> <!-- setup -->
        <test-method signature="test()[pri:0, instance:SeleniumBootstrap3.Assignment3.screenshot@2473d930]" started-at="2020-12-03T12:39:24 IST" name="test" finished-at="2020-12-03T12:39:24 IST" duration-ms="482" status="PASS">
          <reporter-output>
          </reporter-output>
        </test-method> <!-- test -->
        <test-method is-config="true" signature="teardown()[pri:0, instance:SeleniumBootstrap3.Assignment3.screenshot@2473d930]" started-at="2020-12-03T12:39:24 IST" name="teardown" finished-at="2020-12-03T12:39:25 IST" duration-ms="1054" status="PASS">
          <reporter-output>
          </reporter-output>
        </test-method> <!-- teardown -->
      </class> <!-- SeleniumBootstrap3.Assignment3.screenshot -->
    </test> <!-- Default test -->
  </suite> <!-- Default suite -->
</testng-results>
